<?xml version="1.0" encoding="UTF-8"?>
<!-- Generated by org.testng.reporters.JUnitXMLReporter -->
<testsuite ignored="0" hostname="DESKTOP-5VJSLSC" failures="0" tests="3" name="Default test" time="23.129" errors="0" timestamp="2023-03-26T07:15:42 IST">
  <testcase classname="com.itview.testcases.DataDriven_FD_DataProvider" name="f" time="5.367"/>
  <testcase classname="com.itview.testcases.DataDriven_FD_DataProvider" name="f" time="4.695"/>
  <testcase classname="com.itview.testcases.DataDriven_FD_DataProvider" name="f" time="4.585"/>
</testsuite> <!-- Default test -->
