<?xml version="1.0" encoding="UTF-8"?>
<!-- Generated by org.testng.reporters.JUnitXMLReporter -->
<testsuite ignored="0" hostname="DESKTOP-5VJSLSC" failures="0" tests="3" name="Login Mutual Fund" time="17.159" errors="0" timestamp="2023-02-26T09:42:04 IST">
  <testcase classname="com.itview.testng.LoginMutualFund" name="loginAdmin" time="6.111"/>
  <testcase classname="com.itview.testng.LoginMutualFund" name="loginTUser" time="4.776"/>
  <testcase classname="com.itview.testng.LoginMutualFund" name="loginJSmith" time="4.765"/>
</testsuite> <!-- Login Mutual Fund -->
