<?xml version="1.0" encoding="UTF-8"?>
<testng-results ignored="0" total="3" passed="3" failed="0" skipped="0">
  <reporter-output>
  </reporter-output>
  <suite started-at="2023-03-26T07:15:19 IST" name="Default suite" finished-at="2023-03-26T07:15:42 IST" duration-ms="23129">
    <groups>
    </groups>
    <test started-at="2023-03-26T07:15:19 IST" name="Default test" finished-at="2023-03-26T07:15:42 IST" duration-ms="23129">
      <class name="com.itview.testcases.DataDriven_FD_DataProvider">
        <test-method is-config="true" signature="beforeTest()[pri:0, instance:com.itview.testcases.DataDriven_FD_DataProvider@593aaf41]" started-at="2023-03-26T07:15:19 IST" name="beforeTest" finished-at="2023-03-26T07:15:27 IST" duration-ms="8137" status="PASS">
          <reporter-output>
          </reporter-output>
        </test-method> <!-- beforeTest -->
        <test-method signature="f(java.lang.String,java.lang.String,java.lang.String,java.lang.String)[pri:0, instance:com.itview.testcases.DataDriven_FD_DataProvider@593aaf41]" started-at="2023-03-26T07:15:27 IST" name="f" data-provider="dp" finished-at="2023-03-26T07:15:32 IST" duration-ms="5367" status="PASS">
          <params>
            <param index="0">
              <value>
                <![CDATA[100000]]>
              </value>
            </param>
            <param index="1">
              <value>
                <![CDATA[9]]>
              </value>
            </param>
            <param index="2">
              <value>
                <![CDATA[5]]>
              </value>
            </param>
            <param index="3">
              <value>
                <![CDATA[Simple Interest]]>
              </value>
            </param>
          </params>
          <reporter-output>
          </reporter-output>
        </test-method> <!-- f -->
        <test-method signature="f(java.lang.String,java.lang.String,java.lang.String,java.lang.String)[pri:0, instance:com.itview.testcases.DataDriven_FD_DataProvider@593aaf41]" started-at="2023-03-26T07:15:32 IST" name="f" data-provider="dp" finished-at="2023-03-26T07:15:37 IST" duration-ms="4695" status="PASS">
          <params>
            <param index="0">
              <value>
                <![CDATA[300000]]>
              </value>
            </param>
            <param index="1">
              <value>
                <![CDATA[6.5]]>
              </value>
            </param>
            <param index="2">
              <value>
                <![CDATA[8]]>
              </value>
            </param>
            <param index="3">
              <value>
                <![CDATA[Simple Interest]]>
              </value>
            </param>
          </params>
          <reporter-output>
          </reporter-output>
        </test-method> <!-- f -->
        <test-method signature="f(java.lang.String,java.lang.String,java.lang.String,java.lang.String)[pri:0, instance:com.itview.testcases.DataDriven_FD_DataProvider@593aaf41]" started-at="2023-03-26T07:15:37 IST" name="f" data-provider="dp" finished-at="2023-03-26T07:15:42 IST" duration-ms="4585" status="PASS">
          <params>
            <param index="0">
              <value>
                <![CDATA[600000]]>
              </value>
            </param>
            <param index="1">
              <value>
                <![CDATA[7]]>
              </value>
            </param>
            <param index="2">
              <value>
                <![CDATA[2]]>
              </value>
            </param>
            <param index="3">
              <value>
                <![CDATA[Simple Interest]]>
              </value>
            </param>
          </params>
          <reporter-output>
          </reporter-output>
        </test-method> <!-- f -->
        <test-method is-config="true" signature="afterTest()[pri:0, instance:com.itview.testcases.DataDriven_FD_DataProvider@593aaf41]" started-at="2023-03-26T07:15:42 IST" name="afterTest" finished-at="2023-03-26T07:15:42 IST" duration-ms="279" status="PASS">
          <reporter-output>
          </reporter-output>
        </test-method> <!-- afterTest -->
      </class> <!-- com.itview.testcases.DataDriven_FD_DataProvider -->
    </test> <!-- Default test -->
  </suite> <!-- Default suite -->
</testng-results>
