<?xml version="1.0" encoding="UTF-8"?>
<testng-results ignored="0" total="1" passed="1" failed="0" skipped="0">
  <reporter-output>
  </reporter-output>
  <suite started-at="2024-01-11T18:38:22 IST" name="Default suite" finished-at="2024-01-11T18:38:27 IST" duration-ms="4715">
    <groups>
    </groups>
    <test started-at="2024-01-11T18:38:22 IST" name="Default test" finished-at="2024-01-11T18:38:27 IST" duration-ms="4715">
      <class name="com.itview.assignments.UITest">
        <test-method is-config="true" signature="beforeTest()[pri:0, instance:com.itview.assignments.UITest@4d0f2471]" started-at="2024-01-11T18:38:22 IST" name="beforeTest" finished-at="2024-01-11T18:38:25 IST" duration-ms="2966" status="PASS">
          <reporter-output>
          </reporter-output>
        </test-method> <!-- beforeTest -->
        <test-method signature="verifyHomePage()[pri:0, instance:com.itview.assignments.UITest@4d0f2471]" started-at="2024-01-11T18:38:25 IST" name="verifyHomePage" finished-at="2024-01-11T18:38:27 IST" duration-ms="1525" status="PASS">
          <reporter-output>
          </reporter-output>
        </test-method> <!-- verifyHomePage -->
        <test-method is-config="true" signature="afterTest()[pri:0, instance:com.itview.assignments.UITest@4d0f2471]" started-at="2024-01-11T18:38:27 IST" name="afterTest" finished-at="2024-01-11T18:38:27 IST" duration-ms="168" status="PASS">
          <reporter-output>
          </reporter-output>
        </test-method> <!-- afterTest -->
      </class> <!-- com.itview.assignments.UITest -->
    </test> <!-- Default test -->
  </suite> <!-- Default suite -->
</testng-results>
